<?xml version="1.0" encoding="UTF-8"?>
<testsuite name="CalculatorTest" tests="1" skipped="0" failures="0" errors="0" timestamp="2020-02-12T09:07:45" hostname="umuzi-admin" time="0.007">
  <properties/>
  <testcase name="add" classname="CalculatorTest" time="0.007"/>
  <system-out><![CDATA[4
]]></system-out>
  <system-err><![CDATA[]]></system-err>
</testsuite>
